[INFO ] 2021-10-22 09:37:03 [main] BaseTest - This is to track the suite execution start time
[INFO ] 2021-10-22 09:37:06 [main] BaseTest - Before CLASS setup is successfully done
[INFO ] 2021-10-22 09:38:23 [main] BaseTest - LoginTest tests have been executed.
[INFO ] 2021-10-22 09:38:23 [main] BaseTest - This is to track the suite completion time
[INFO ] 2021-10-22 14:16:19 [main] BaseTest - This is to track the suite execution start time
[INFO ] 2021-10-22 14:16:24 [main] BaseTest - Before CLASS setup is successfully done
[INFO ] 2021-10-22 14:17:34 [main] BaseTest - LoginTest tests have been executed.
[INFO ] 2021-10-22 14:17:38 [main] BaseTest - This is to track the suite completion time
[INFO ] 2021-10-22 14:18:45 [main] BaseTest - This is to track the suite execution start time
[INFO ] 2021-10-22 14:18:47 [main] BaseTest - Before CLASS setup is successfully done
[INFO ] 2021-10-22 14:19:37 [main] BaseTest - LoginTest tests have been executed.
[INFO ] 2021-10-22 14:19:37 [main] BaseTest - This is to track the suite completion time
[INFO ] 2021-10-22 14:20:07 [main] BaseTest - This is to track the suite execution start time
[INFO ] 2021-10-22 14:20:09 [main] BaseTest - Before CLASS setup is successfully done
[INFO ] 2021-10-22 14:20:44 [main] BaseTest - LoginTest tests have been executed.
[INFO ] 2021-10-22 14:21:00 [main] BaseTest - This is to track the suite execution start time
[INFO ] 2021-10-22 14:21:03 [main] BaseTest - Before CLASS setup is successfully done
[INFO ] 2021-10-22 14:21:25 [main] BaseTest - LoginTest tests have been executed.
[INFO ] 2021-10-22 14:21:25 [main] BaseTest - This is to track the suite completion time
[INFO ] 2021-10-22 17:12:16 [main] BaseTest - This is to track the suite execution start time
[INFO ] 2021-10-22 17:12:18 [main] BaseTest - Before CLASS setup is successfully done
[INFO ] 2021-10-22 17:13:12 [main] BaseTest - LoginTest tests have been executed.
[INFO ] 2021-10-22 17:13:16 [main] BaseTest - This is to track the suite completion time
[INFO ] 2021-10-22 17:38:21 [main] BaseTest - This is to track the suite execution start time
[INFO ] 2021-10-22 17:38:23 [main] BaseTest - Before CLASS setup is successfully done
[INFO ] 2021-10-22 17:38:46 [main] BaseTest - ChangePasswordTest tests have been executed.
[INFO ] 2021-10-22 17:38:51 [main] BaseTest - Before CLASS setup is successfully done
[INFO ] 2021-10-22 17:39:58 [main] BaseTest - LoginTest tests have been executed.
[INFO ] 2021-10-22 17:39:58 [main] BaseTest - This is to track the suite completion time
