[INFO ] 2021-10-24 21:28:01 [main] BaseTest - This is to track the suite execution start time
[INFO ] 2021-10-24 21:28:03 [main] BaseTest - Before CLASS setup is successfully done
[INFO ] 2021-10-24 21:28:13 [main] BaseTest - ChangePasswordTest tests have been executed.
[INFO ] 2021-10-24 21:28:18 [main] BaseTest - Before CLASS setup is successfully done
[INFO ] 2021-10-24 21:29:22 [main] BaseTest - LoginTest tests have been executed.
[INFO ] 2021-10-24 21:29:22 [main] BaseTest - This is to track the suite completion time
[INFO ] 2021-10-24 21:45:04 [main] BaseTest - This is to track the suite execution start time
[INFO ] 2021-10-24 21:45:06 [main] BaseTest - Before CLASS setup is successfully done
[INFO ] 2021-10-24 21:50:06 [main] BaseTest - This is to track the suite execution start time
[INFO ] 2021-10-24 21:50:09 [main] BaseTest - Before CLASS setup is successfully done
[INFO ] 2021-10-24 21:54:21 [main] BaseTest - This is to track the suite execution start time
[INFO ] 2021-10-24 21:54:23 [main] BaseTest - Before CLASS setup is successfully done
[INFO ] 2021-10-24 21:57:42 [main] BaseTest - This is to track the suite execution start time
[INFO ] 2021-10-24 21:57:44 [main] BaseTest - Before CLASS setup is successfully done
[INFO ] 2021-10-24 21:59:34 [main] BaseTest - This is to track the suite execution start time
[INFO ] 2021-10-24 21:59:37 [main] BaseTest - Before CLASS setup is successfully done
[INFO ] 2021-10-24 22:01:13 [main] BaseTest - LoginTest tests have been executed.
[INFO ] 2021-10-24 22:01:17 [main] BaseTest - This is to track the suite completion time
[INFO ] 2021-10-24 22:03:21 [main] BaseTest - This is to track the suite execution start time
[INFO ] 2021-10-24 22:03:23 [main] BaseTest - Before CLASS setup is successfully done
[INFO ] 2021-10-24 22:03:40 [main] BaseTest - LoginTest tests have been executed.
[INFO ] 2021-10-24 22:03:44 [main] BaseTest - This is to track the suite completion time
[INFO ] 2021-10-24 22:12:48 [main] BaseTest - This is to track the suite execution start time
[INFO ] 2021-10-24 22:12:50 [main] BaseTest - Before CLASS setup is successfully done
[INFO ] 2021-10-24 22:13:11 [main] BaseTest - LoginTest tests have been executed.
[INFO ] 2021-10-24 22:13:12 [main] BaseTest - This is to track the suite completion time
[INFO ] 2021-10-24 22:15:08 [main] BaseTest - This is to track the suite execution start time
[INFO ] 2021-10-24 22:15:11 [main] BaseTest - Before CLASS setup is successfully done
[INFO ] 2021-10-24 22:15:21 [main] BaseTest - LoginTest tests have been executed.
[INFO ] 2021-10-24 22:15:25 [main] BaseTest - This is to track the suite completion time
[INFO ] 2021-10-24 22:16:35 [main] BaseTest - This is to track the suite execution start time
[INFO ] 2021-10-24 22:16:37 [main] BaseTest - Before CLASS setup is successfully done
[INFO ] 2021-10-24 22:16:57 [main] BaseTest - LoginTest tests have been executed.
[INFO ] 2021-10-24 22:16:57 [main] BaseTest - This is to track the suite completion time
[INFO ] 2021-10-24 22:22:48 [main] BaseTest - This is to track the suite execution start time
[INFO ] 2021-10-24 22:22:50 [main] BaseTest - Before CLASS setup is successfully done
[INFO ] 2021-10-24 22:23:12 [main] BaseTest - LoginTest tests have been executed.
[INFO ] 2021-10-24 22:23:16 [main] BaseTest - This is to track the suite completion time
[INFO ] 2021-10-24 22:23:53 [main] BaseTest - This is to track the suite execution start time
[INFO ] 2021-10-24 22:23:56 [main] BaseTest - Before CLASS setup is successfully done
[INFO ] 2021-10-24 22:24:45 [main] BaseTest - LoginTest tests have been executed.
[INFO ] 2021-10-24 22:24:45 [main] BaseTest - This is to track the suite completion time
[INFO ] 2021-10-24 22:25:28 [main] BaseTest - This is to track the suite execution start time
[INFO ] 2021-10-24 22:25:30 [main] BaseTest - Before CLASS setup is successfully done
[INFO ] 2021-10-24 22:25:47 [main] BaseTest - LoginTest tests have been executed.
[INFO ] 2021-10-24 22:25:51 [main] BaseTest - This is to track the suite completion time
[INFO ] 2021-10-24 22:35:14 [main] BaseTest - This is to track the suite execution start time
[INFO ] 2021-10-24 22:35:16 [main] BaseTest - Before CLASS setup is successfully done
[INFO ] 2021-10-24 22:35:36 [main] BaseTest - LoginTest tests have been executed.
[INFO ] 2021-10-24 22:35:40 [main] BaseTest - This is to track the suite completion time
[INFO ] 2021-10-24 22:44:31 [main] BaseTest - This is to track the suite execution start time
[INFO ] 2021-10-24 22:44:33 [main] BaseTest - Before CLASS setup is successfully done
[INFO ] 2021-10-24 22:44:52 [main] BaseTest - LoginTest tests have been executed.
[INFO ] 2021-10-24 22:44:56 [main] BaseTest - This is to track the suite completion time
[INFO ] 2021-10-24 22:57:34 [main] BaseTest - This is to track the suite execution start time
[INFO ] 2021-10-24 22:57:37 [main] BaseTest - Before CLASS setup is successfully done
[INFO ] 2021-10-24 22:57:55 [main] BaseTest - LoginTest tests have been executed.
[INFO ] 2021-10-24 22:58:00 [main] BaseTest - This is to track the suite completion time
[INFO ] 2021-10-24 23:16:08 [main] BaseTest - This is to track the suite execution start time
[INFO ] 2021-10-24 23:16:11 [main] BaseTest - Before CLASS setup is successfully done
[INFO ] 2021-10-24 23:16:36 [main] BaseTest - LoginTest tests have been executed.
[INFO ] 2021-10-24 23:16:36 [main] BaseTest - This is to track the suite completion time
