[INFO ] 2021-10-08 11:15:10 [main] BaseTest - This is to track the suite execution start time
[INFO ] 2021-10-08 11:15:13 [main] BaseTest - Before CLASS setup is successfully done
[INFO ] 2021-10-08 11:15:22 [main] BaseTest - ChangePasswordTest tests have been executed.
[INFO ] 2021-10-08 11:15:27 [main] BaseTest - Before CLASS setup is successfully done
[INFO ] 2021-10-08 11:16:22 [main] BaseTest - LoginTest tests have been executed.
[INFO ] 2021-10-08 11:16:22 [main] BaseTest - This is to track the suite completion time
[INFO ] 2021-10-08 12:00:30 [main] BaseTest - This is to track the suite execution start time
[INFO ] 2021-10-08 12:00:33 [main] BaseTest - Before CLASS setup is successfully done
[INFO ] 2021-10-08 12:00:38 [main] BaseTest - ChangePasswordTest tests have been executed.
[INFO ] 2021-10-08 12:00:40 [main] BaseTest - Before CLASS setup is successfully done
[INFO ] 2021-10-08 12:01:26 [main] BaseTest - LoginTest tests have been executed.
[INFO ] 2021-10-08 12:01:26 [main] BaseTest - This is to track the suite completion time
[INFO ] 2021-10-08 12:50:34 [main] BaseTest - This is to track the suite execution start time
[INFO ] 2021-10-08 12:50:36 [main] BaseTest - Before CLASS setup is successfully done
[INFO ] 2021-10-08 12:51:00 [main] BaseTest - LoginTest tests have been executed.
[INFO ] 2021-10-08 12:51:04 [main] BaseTest - This is to track the suite completion time
[INFO ] 2021-10-08 12:51:57 [main] BaseTest - This is to track the suite execution start time
[INFO ] 2021-10-08 12:51:59 [main] BaseTest - Before CLASS setup is successfully done
[INFO ] 2021-10-08 12:52:26 [main] BaseTest - LoginTest tests have been executed.
[INFO ] 2021-10-08 12:52:30 [main] BaseTest - This is to track the suite completion time
[INFO ] 2021-10-08 12:55:42 [main] BaseTest - This is to track the suite execution start time
[INFO ] 2021-10-08 12:55:44 [main] BaseTest - Before CLASS setup is successfully done
[INFO ] 2021-10-08 12:55:50 [main] BaseTest - ChangePasswordTest tests have been executed.
[INFO ] 2021-10-08 12:55:56 [main] BaseTest - Before CLASS setup is successfully done
[INFO ] 2021-10-08 12:56:49 [main] BaseTest - LoginTest tests have been executed.
[INFO ] 2021-10-08 12:56:49 [main] BaseTest - This is to track the suite completion time
[INFO ] 2021-10-08 14:01:23 [main] BaseTest - This is to track the suite execution start time
[INFO ] 2021-10-08 14:01:25 [main] BaseTest - Before CLASS setup is successfully done
[INFO ] 2021-10-08 14:09:32 [main] BaseTest - LoginTest tests have been executed.
[INFO ] 2021-10-08 14:09:48 [main] BaseTest - This is to track the suite execution start time
[INFO ] 2021-10-08 14:09:50 [main] BaseTest - Before CLASS setup is successfully done
[INFO ] 2021-10-08 14:11:15 [main] BaseTest - LoginTest tests have been executed.
[INFO ] 2021-10-08 14:11:23 [main] BaseTest - This is to track the suite execution start time
[INFO ] 2021-10-08 14:11:26 [main] BaseTest - Before CLASS setup is successfully done
[INFO ] 2021-10-08 14:13:44 [main] BaseTest - LoginTest tests have been executed.
[INFO ] 2021-10-08 14:13:53 [main] BaseTest - This is to track the suite execution start time
[INFO ] 2021-10-08 14:13:55 [main] BaseTest - Before CLASS setup is successfully done
[INFO ] 2021-10-08 14:14:18 [main] BaseTest - LoginTest tests have been executed.
[INFO ] 2021-10-08 14:15:13 [main] BaseTest - This is to track the suite execution start time
[INFO ] 2021-10-08 14:15:15 [main] BaseTest - Before CLASS setup is successfully done
[INFO ] 2021-10-08 14:15:42 [main] BaseTest - LoginTest tests have been executed.
[INFO ] 2021-10-08 14:16:07 [main] BaseTest - This is to track the suite execution start time
[INFO ] 2021-10-08 14:16:09 [main] BaseTest - Before CLASS setup is successfully done
[INFO ] 2021-10-08 14:27:32 [main] BaseTest - LoginTest tests have been executed.
[INFO ] 2021-10-08 14:27:58 [main] BaseTest - This is to track the suite execution start time
[INFO ] 2021-10-08 14:28:00 [main] BaseTest - Before CLASS setup is successfully done
[INFO ] 2021-10-08 14:31:27 [main] BaseTest - LoginTest tests have been executed.
[INFO ] 2021-10-08 14:31:36 [main] BaseTest - This is to track the suite execution start time
[INFO ] 2021-10-08 14:31:38 [main] BaseTest - Before CLASS setup is successfully done
[INFO ] 2021-10-08 14:32:50 [main] BaseTest - LoginTest tests have been executed.
[INFO ] 2021-10-08 17:52:59 [main] BaseTest - This is to track the suite execution start time
[INFO ] 2021-10-08 17:53:02 [main] BaseTest - Before CLASS setup is successfully done
[INFO ] 2021-10-08 18:13:57 [main] BaseTest - LoginTest tests have been executed.
[INFO ] 2021-10-08 18:15:10 [main] BaseTest - This is to track the suite execution start time
[INFO ] 2021-10-08 18:15:13 [main] BaseTest - Before CLASS setup is successfully done
[INFO ] 2021-10-08 18:17:28 [main] BaseTest - LoginTest tests have been executed.
[INFO ] 2021-10-08 18:17:42 [main] BaseTest - This is to track the suite execution start time
[INFO ] 2021-10-08 18:17:45 [main] BaseTest - Before CLASS setup is successfully done
[INFO ] 2021-10-08 18:22:29 [main] BaseTest - LoginTest tests have been executed.
[INFO ] 2021-10-08 18:22:44 [main] BaseTest - This is to track the suite execution start time
[INFO ] 2021-10-08 18:22:47 [main] BaseTest - Before CLASS setup is successfully done
[INFO ] 2021-10-08 18:26:29 [main] BaseTest - LoginTest tests have been executed.
[INFO ] 2021-10-08 18:28:45 [main] BaseTest - This is to track the suite execution start time
[INFO ] 2021-10-08 18:28:48 [main] BaseTest - Before CLASS setup is successfully done
[INFO ] 2021-10-08 18:31:07 [main] BaseTest - LoginTest tests have been executed.
[INFO ] 2021-10-08 18:31:19 [main] BaseTest - This is to track the suite execution start time
[INFO ] 2021-10-08 18:31:21 [main] BaseTest - Before CLASS setup is successfully done
[INFO ] 2021-10-08 18:31:29 [main] BaseTest - LoginTest tests have been executed.
[INFO ] 2021-10-08 18:31:34 [main] BaseTest - This is to track the suite completion time
[INFO ] 2021-10-08 18:45:36 [main] BaseTest - This is to track the suite execution start time
[INFO ] 2021-10-08 18:45:38 [main] BaseTest - Before CLASS setup is successfully done
[INFO ] 2021-10-08 18:45:47 [main] BaseTest - LoginTest tests have been executed.
[INFO ] 2021-10-08 18:45:51 [main] BaseTest - This is to track the suite completion time
[INFO ] 2021-10-08 18:47:58 [main] BaseTest - This is to track the suite execution start time
[INFO ] 2021-10-08 18:48:01 [main] BaseTest - Before CLASS setup is successfully done
[INFO ] 2021-10-08 18:48:09 [main] BaseTest - LoginTest tests have been executed.
[INFO ] 2021-10-08 18:48:09 [main] BaseTest - This is to track the suite completion time
[INFO ] 2021-10-08 18:53:12 [main] BaseTest - This is to track the suite execution start time
[INFO ] 2021-10-08 18:53:15 [main] BaseTest - Before CLASS setup is successfully done
[INFO ] 2021-10-08 18:53:25 [main] BaseTest - LoginTest tests have been executed.
[INFO ] 2021-10-08 18:53:29 [main] BaseTest - This is to track the suite completion time
[INFO ] 2021-10-08 23:11:16 [main] BaseTest - This is to track the suite execution start time
[INFO ] 2021-10-08 23:11:18 [main] BaseTest - Before CLASS setup is successfully done
[INFO ] 2021-10-08 23:11:29 [main] BaseTest - LoginTest tests have been executed.
[INFO ] 2021-10-08 23:11:33 [main] BaseTest - This is to track the suite completion time
[INFO ] 2021-10-08 23:13:14 [main] BaseTest - This is to track the suite execution start time
[INFO ] 2021-10-08 23:13:16 [main] BaseTest - Before CLASS setup is successfully done
[INFO ] 2021-10-08 23:15:11 [main] BaseTest - This is to track the suite execution start time
[INFO ] 2021-10-08 23:15:13 [main] BaseTest - Before CLASS setup is successfully done
[INFO ] 2021-10-08 23:16:18 [main] BaseTest - This is to track the suite execution start time
[INFO ] 2021-10-08 23:16:21 [main] BaseTest - Before CLASS setup is successfully done
[INFO ] 2021-10-08 23:16:56 [main] BaseTest - LoginTest tests have been executed.
[INFO ] 2021-10-08 23:17:00 [main] BaseTest - This is to track the suite completion time
[INFO ] 2021-10-08 23:18:04 [main] BaseTest - This is to track the suite execution start time
[INFO ] 2021-10-08 23:18:06 [main] BaseTest - Before CLASS setup is successfully done
[INFO ] 2021-10-08 23:18:29 [main] BaseTest - LoginTest tests have been executed.
[INFO ] 2021-10-08 23:18:33 [main] BaseTest - This is to track the suite completion time
[INFO ] 2021-10-08 23:25:31 [main] BaseTest - This is to track the suite execution start time
[INFO ] 2021-10-08 23:25:33 [main] BaseTest - Before CLASS setup is successfully done
[INFO ] 2021-10-08 23:25:44 [main] BaseTest - LoginTest tests have been executed.
[INFO ] 2021-10-08 23:25:48 [main] BaseTest - This is to track the suite completion time
[INFO ] 2021-10-08 23:27:24 [main] BaseTest - This is to track the suite execution start time
[INFO ] 2021-10-08 23:27:26 [main] BaseTest - Before CLASS setup is successfully done
[INFO ] 2021-10-08 23:32:47 [main] BaseTest - This is to track the suite execution start time
[INFO ] 2021-10-08 23:32:49 [main] BaseTest - Before CLASS setup is successfully done
[INFO ] 2021-10-08 23:33:14 [main] BaseTest - LoginTest tests have been executed.
[INFO ] 2021-10-08 23:33:18 [main] BaseTest - This is to track the suite completion time
[INFO ] 2021-10-08 23:36:02 [main] BaseTest - This is to track the suite execution start time
[INFO ] 2021-10-08 23:36:04 [main] BaseTest - Before CLASS setup is successfully done
[INFO ] 2021-10-08 23:36:18 [main] BaseTest - LoginTest tests have been executed.
[INFO ] 2021-10-08 23:36:22 [main] BaseTest - This is to track the suite completion time
